---z1aTsGgB---A--
[09/Apr/2025:10:58:16 +0000] 174419629649.041564 127.0.0.1 32874 127.0.0.1 443
---z1aTsGgB---B--
GET /healthz HTTP/1.1
Host: localhost
User-Agent: curl/7.74.0
Accept: */*

---z1aTsGgB---F--
HTTP/1.1 403

---z1aTsGgB---H--
ModSecurity: Access denied with code 403 (phase 1). Matched "Operator `Rx' with parameter `curl' against variable `REQUEST_HEADERS:User-Agent' (Value: `curl/7.74.0' ) [file "/etc/nginx/modsec/modsecurity.conf"] [line "45"] [id "3000"] [rev ""] [msg "User-Agent curl is not allowed"] [data ""] [severity "0"] [ver ""] [maturity "0"] [accuracy "0"] [hostname "127.0.0.1"] [uri "/healthz"] [unique_id "174419629649.041564"] [ref "o0,4v50,11"]

---z1aTsGgB---Z--

---8crRhwiI---A--
[09/Apr/2025:10:58:46 +0000] 174419632620.835788 127.0.0.1 38342 127.0.0.1 443
---8crRhwiI---B--
GET /healthz HTTP/1.1
Host: localhost
User-Agent: curl/7.74.0
Accept: */*

---8crRhwiI---F--
HTTP/1.1 403

---8crRhwiI---H--
ModSecurity: Access denied with code 403 (phase 1). Matched "Operator `Rx' with parameter `curl' against variable `REQUEST_HEADERS:User-Agent' (Value: `curl/7.74.0' ) [file "/etc/nginx/modsec/modsecurity.conf"] [line "45"] [id "3000"] [rev ""] [msg "User-Agent curl is not allowed"] [data ""] [severity "0"] [ver ""] [maturity "0"] [accuracy "0"] [hostname "127.0.0.1"] [uri "/healthz"] [unique_id "174419632620.835788"] [ref "o0,4v50,11"]

---8crRhwiI---Z--

---k0kVqOaR---A--
[09/Apr/2025:10:59:16 +0000] 174419635624.929705 127.0.0.1 35594 127.0.0.1 443
---k0kVqOaR---B--
GET /healthz HTTP/1.1
Host: localhost
User-Agent: curl/7.74.0
Accept: */*

---k0kVqOaR---F--
HTTP/1.1 403

---k0kVqOaR---H--
ModSecurity: Access denied with code 403 (phase 1). Matched "Operator `Rx' with parameter `curl' against variable `REQUEST_HEADERS:User-Agent' (Value: `curl/7.74.0' ) [file "/etc/nginx/modsec/modsecurity.conf"] [line "45"] [id "3000"] [rev ""] [msg "User-Agent curl is not allowed"] [data ""] [severity "0"] [ver ""] [maturity "0"] [accuracy "0"] [hostname "127.0.0.1"] [uri "/healthz"] [unique_id "174419635624.929705"] [ref "o0,4v50,11"]

---k0kVqOaR---Z--

---0qMhtxhi---A--
[09/Apr/2025:10:59:46 +0000] 174419638687.893330 127.0.0.1 45956 127.0.0.1 443
---0qMhtxhi---B--
GET /healthz HTTP/1.1
Host: localhost
User-Agent: curl/7.74.0
Accept: */*

---0qMhtxhi---F--
HTTP/1.1 403

---0qMhtxhi---H--
ModSecurity: Access denied with code 403 (phase 1). Matched "Operator `Rx' with parameter `curl' against variable `REQUEST_HEADERS:User-Agent' (Value: `curl/7.74.0' ) [file "/etc/nginx/modsec/modsecurity.conf"] [line "45"] [id "3000"] [rev ""] [msg "User-Agent curl is not allowed"] [data ""] [severity "0"] [ver ""] [maturity "0"] [accuracy "0"] [hostname "127.0.0.1"] [uri "/healthz"] [unique_id "174419638687.893330"] [ref "o0,4v50,11"]

---0qMhtxhi---Z--

---bZJCJ9Hm---A--
[09/Apr/2025:11:00:16 +0000] 174419641625.392942 127.0.0.1 43172 127.0.0.1 443
---bZJCJ9Hm---B--
GET /healthz HTTP/1.1
Host: localhost
User-Agent: curl/7.74.0
Accept: */*

---bZJCJ9Hm---F--
HTTP/1.1 403

---bZJCJ9Hm---H--
ModSecurity: Access denied with code 403 (phase 1). Matched "Operator `Rx' with parameter `curl' against variable `REQUEST_HEADERS:User-Agent' (Value: `curl/7.74.0' ) [file "/etc/nginx/modsec/modsecurity.conf"] [line "45"] [id "3000"] [rev ""] [msg "User-Agent curl is not allowed"] [data ""] [severity "0"] [ver ""] [maturity "0"] [accuracy "0"] [hostname "127.0.0.1"] [uri "/healthz"] [unique_id "174419641625.392942"] [ref "o0,4v50,11"]

---bZJCJ9Hm---Z--

---vN0z0Swt---A--
[09/Apr/2025:11:00:46 +0000] 174419644613.709968 127.0.0.1 40180 127.0.0.1 443
---vN0z0Swt---B--
GET /healthz HTTP/1.1
Host: localhost
User-Agent: curl/7.74.0
Accept: */*

---vN0z0Swt---F--
HTTP/1.1 403

---vN0z0Swt---H--
ModSecurity: Access denied with code 403 (phase 1). Matched "Operator `Rx' with parameter `curl' against variable `REQUEST_HEADERS:User-Agent' (Value: `curl/7.74.0' ) [file "/etc/nginx/modsec/modsecurity.conf"] [line "45"] [id "3000"] [rev ""] [msg "User-Agent curl is not allowed"] [data ""] [severity "0"] [ver ""] [maturity "0"] [accuracy "0"] [hostname "127.0.0.1"] [uri "/healthz"] [unique_id "174419644613.709968"] [ref "o0,4v50,11"]

---vN0z0Swt---Z--

---hiNDNJ4q---A--
[09/Apr/2025:11:01:16 +0000] 174419647610.102860 127.0.0.1 58900 127.0.0.1 443
---hiNDNJ4q---B--
GET /healthz HTTP/1.1
Host: localhost
User-Agent: curl/7.74.0
Accept: */*

---hiNDNJ4q---F--
HTTP/1.1 403

---hiNDNJ4q---H--
ModSecurity: Access denied with code 403 (phase 1). Matched "Operator `Rx' with parameter `curl' against variable `REQUEST_HEADERS:User-Agent' (Value: `curl/7.74.0' ) [file "/etc/nginx/modsec/modsecurity.conf"] [line "45"] [id "3000"] [rev ""] [msg "User-Agent curl is not allowed"] [data ""] [severity "0"] [ver ""] [maturity "0"] [accuracy "0"] [hostname "127.0.0.1"] [uri "/healthz"] [unique_id "174419647610.102860"] [ref "o0,4v50,11"]

---hiNDNJ4q---Z--

---j07X1mIQ---A--
[09/Apr/2025:11:01:47 +0000] 174419650750.539698 127.0.0.1 48774 127.0.0.1 443
---j07X1mIQ---B--
GET /healthz HTTP/1.1
Host: localhost
User-Agent: curl/7.74.0
Accept: */*

---j07X1mIQ---F--
HTTP/1.1 403

---j07X1mIQ---H--
ModSecurity: Access denied with code 403 (phase 1). Matched "Operator `Rx' with parameter `curl' against variable `REQUEST_HEADERS:User-Agent' (Value: `curl/7.74.0' ) [file "/etc/nginx/modsec/modsecurity.conf"] [line "45"] [id "3000"] [rev ""] [msg "User-Agent curl is not allowed"] [data ""] [severity "0"] [ver ""] [maturity "0"] [accuracy "0"] [hostname "127.0.0.1"] [uri "/healthz"] [unique_id "174419650750.539698"] [ref "o0,4v50,11"]

---j07X1mIQ---Z--

---IDAsZhti---A--
[09/Apr/2025:11:02:17 +0000] 174419653730.135881 127.0.0.1 33202 127.0.0.1 443
---IDAsZhti---B--
GET /healthz HTTP/1.1
Host: localhost
User-Agent: curl/7.74.0
Accept: */*

---IDAsZhti---F--
HTTP/1.1 403

---IDAsZhti---H--
ModSecurity: Access denied with code 403 (phase 1). Matched "Operator `Rx' with parameter `curl' against variable `REQUEST_HEADERS:User-Agent' (Value: `curl/7.74.0' ) [file "/etc/nginx/modsec/modsecurity.conf"] [line "45"] [id "3000"] [rev ""] [msg "User-Agent curl is not allowed"] [data ""] [severity "0"] [ver ""] [maturity "0"] [accuracy "0"] [hostname "127.0.0.1"] [uri "/healthz"] [unique_id "174419653730.135881"] [ref "o0,4v50,11"]

---IDAsZhti---Z--

---YhosMPkm---A--
[09/Apr/2025:11:02:47 +0000] 174419656763.353116 127.0.0.1 41616 127.0.0.1 443
---YhosMPkm---B--
GET /healthz HTTP/1.1
Host: localhost
User-Agent: curl/7.74.0
Accept: */*

---YhosMPkm---F--
HTTP/1.1 403

---YhosMPkm---H--
ModSecurity: Access denied with code 403 (phase 1). Matched "Operator `Rx' with parameter `curl' against variable `REQUEST_HEADERS:User-Agent' (Value: `curl/7.74.0' ) [file "/etc/nginx/modsec/modsecurity.conf"] [line "45"] [id "3000"] [rev ""] [msg "User-Agent curl is not allowed"] [data ""] [severity "0"] [ver ""] [maturity "0"] [accuracy "0"] [hostname "127.0.0.1"] [uri "/healthz"] [unique_id "174419656763.353116"] [ref "o0,4v50,11"]

---YhosMPkm---Z--

---hMtdZrvi---A--
[09/Apr/2025:11:03:17 +0000] 174419659765.812779 127.0.0.1 59252 127.0.0.1 443
---hMtdZrvi---B--
GET /healthz HTTP/1.1
Host: localhost
User-Agent: curl/7.74.0
Accept: */*

---hMtdZrvi---F--
HTTP/1.1 403

---hMtdZrvi---H--
ModSecurity: Access denied with code 403 (phase 1). Matched "Operator `Rx' with parameter `curl' against variable `REQUEST_HEADERS:User-Agent' (Value: `curl/7.74.0' ) [file "/etc/nginx/modsec/modsecurity.conf"] [line "45"] [id "3000"] [rev ""] [msg "User-Agent curl is not allowed"] [data ""] [severity "0"] [ver ""] [maturity "0"] [accuracy "0"] [hostname "127.0.0.1"] [uri "/healthz"] [unique_id "174419659765.812779"] [ref "o0,4v50,11"]

---hMtdZrvi---Z--

---QKbMicjg---A--
[09/Apr/2025:11:03:47 +0000] 174419662789.572536 127.0.0.1 43310 127.0.0.1 443
---QKbMicjg---B--
GET /healthz HTTP/1.1
Host: localhost
User-Agent: curl/7.74.0
Accept: */*

---QKbMicjg---F--
HTTP/1.1 403

---QKbMicjg---H--
ModSecurity: Access denied with code 403 (phase 1). Matched "Operator `Rx' with parameter `curl' against variable `REQUEST_HEADERS:User-Agent' (Value: `curl/7.74.0' ) [file "/etc/nginx/modsec/modsecurity.conf"] [line "45"] [id "3000"] [rev ""] [msg "User-Agent curl is not allowed"] [data ""] [severity "0"] [ver ""] [maturity "0"] [accuracy "0"] [hostname "127.0.0.1"] [uri "/healthz"] [unique_id "174419662789.572536"] [ref "o0,4v50,11"]

---QKbMicjg---Z--

---ErL189Xq---A--
[09/Apr/2025:11:04:17 +0000] 174419665792.433056 127.0.0.1 50346 127.0.0.1 443
---ErL189Xq---B--
GET /healthz HTTP/1.1
Host: localhost
User-Agent: curl/7.74.0
Accept: */*

---ErL189Xq---F--
HTTP/1.1 403

---ErL189Xq---H--
ModSecurity: Access denied with code 403 (phase 1). Matched "Operator `Rx' with parameter `curl' against variable `REQUEST_HEADERS:User-Agent' (Value: `curl/7.74.0' ) [file "/etc/nginx/modsec/modsecurity.conf"] [line "45"] [id "3000"] [rev ""] [msg "User-Agent curl is not allowed"] [data ""] [severity "0"] [ver ""] [maturity "0"] [accuracy "0"] [hostname "127.0.0.1"] [uri "/healthz"] [unique_id "174419665792.433056"] [ref "o0,4v50,11"]

---ErL189Xq---Z--

---ltMzg46Q---A--
[09/Apr/2025:11:04:47 +0000] 174419668739.677051 127.0.0.1 33440 127.0.0.1 443
---ltMzg46Q---B--
GET /healthz HTTP/1.1
Host: localhost
User-Agent: curl/7.74.0
Accept: */*

---ltMzg46Q---F--
HTTP/1.1 403

---ltMzg46Q---H--
ModSecurity: Access denied with code 403 (phase 1). Matched "Operator `Rx' with parameter `curl' against variable `REQUEST_HEADERS:User-Agent' (Value: `curl/7.74.0' ) [file "/etc/nginx/modsec/modsecurity.conf"] [line "45"] [id "3000"] [rev ""] [msg "User-Agent curl is not allowed"] [data ""] [severity "0"] [ver ""] [maturity "0"] [accuracy "0"] [hostname "127.0.0.1"] [uri "/healthz"] [unique_id "174419668739.677051"] [ref "o0,4v50,11"]

---ltMzg46Q---Z--

---4t0rARKm---A--
[09/Apr/2025:11:05:17 +0000] 174419671735.228152 127.0.0.1 51512 127.0.0.1 443
---4t0rARKm---B--
GET /healthz HTTP/1.1
Host: localhost
User-Agent: curl/7.74.0
Accept: */*

---4t0rARKm---F--
HTTP/1.1 403

---4t0rARKm---H--
ModSecurity: Access denied with code 403 (phase 1). Matched "Operator `Rx' with parameter `curl' against variable `REQUEST_HEADERS:User-Agent' (Value: `curl/7.74.0' ) [file "/etc/nginx/modsec/modsecurity.conf"] [line "45"] [id "3000"] [rev ""] [msg "User-Agent curl is not allowed"] [data ""] [severity "0"] [ver ""] [maturity "0"] [accuracy "0"] [hostname "127.0.0.1"] [uri "/healthz"] [unique_id "174419671735.228152"] [ref "o0,4v50,11"]

---4t0rARKm---Z--

---rvt4szXx---A--
[09/Apr/2025:11:05:48 +0000] 174419674897.912610 127.0.0.1 46664 127.0.0.1 443
---rvt4szXx---B--
GET /healthz HTTP/1.1
Host: localhost
User-Agent: curl/7.74.0
Accept: */*

---rvt4szXx---F--
HTTP/1.1 403

---rvt4szXx---H--
ModSecurity: Access denied with code 403 (phase 1). Matched "Operator `Rx' with parameter `curl' against variable `REQUEST_HEADERS:User-Agent' (Value: `curl/7.74.0' ) [file "/etc/nginx/modsec/modsecurity.conf"] [line "45"] [id "3000"] [rev ""] [msg "User-Agent curl is not allowed"] [data ""] [severity "0"] [ver ""] [maturity "0"] [accuracy "0"] [hostname "127.0.0.1"] [uri "/healthz"] [unique_id "174419674897.912610"] [ref "o0,4v50,11"]

---rvt4szXx---Z--

---j1bTYJ0k---A--
[09/Apr/2025:11:06:18 +0000] 174419677882.816953 127.0.0.1 35036 127.0.0.1 443
---j1bTYJ0k---B--
GET /healthz HTTP/1.1
Host: localhost
User-Agent: curl/7.74.0
Accept: */*

---j1bTYJ0k---F--
HTTP/1.1 403

---j1bTYJ0k---H--
ModSecurity: Access denied with code 403 (phase 1). Matched "Operator `Rx' with parameter `curl' against variable `REQUEST_HEADERS:User-Agent' (Value: `curl/7.74.0' ) [file "/etc/nginx/modsec/modsecurity.conf"] [line "45"] [id "3000"] [rev ""] [msg "User-Agent curl is not allowed"] [data ""] [severity "0"] [ver ""] [maturity "0"] [accuracy "0"] [hostname "127.0.0.1"] [uri "/healthz"] [unique_id "174419677882.816953"] [ref "o0,4v50,11"]

---j1bTYJ0k---Z--

---1ve1xgvQ---A--
[09/Apr/2025:11:06:48 +0000] 17441968086.079012 127.0.0.1 49652 127.0.0.1 443
---1ve1xgvQ---B--
GET /healthz HTTP/1.1
Host: localhost
User-Agent: curl/7.74.0
Accept: */*

---1ve1xgvQ---F--
HTTP/1.1 403

---1ve1xgvQ---H--
ModSecurity: Access denied with code 403 (phase 1). Matched "Operator `Rx' with parameter `curl' against variable `REQUEST_HEADERS:User-Agent' (Value: `curl/7.74.0' ) [file "/etc/nginx/modsec/modsecurity.conf"] [line "45"] [id "3000"] [rev ""] [msg "User-Agent curl is not allowed"] [data ""] [severity "0"] [ver ""] [maturity "0"] [accuracy "0"] [hostname "127.0.0.1"] [uri "/healthz"] [unique_id "17441968086.079012"] [ref "o0,4v50,11"]

---1ve1xgvQ---Z--

---Zl4tR4wQ---A--
[09/Apr/2025:11:07:18 +0000] 174419683855.034793 127.0.0.1 57392 127.0.0.1 443
---Zl4tR4wQ---B--
GET /healthz HTTP/1.1
Host: localhost
User-Agent: curl/7.74.0
Accept: */*

---Zl4tR4wQ---F--
HTTP/1.1 403

---Zl4tR4wQ---H--
ModSecurity: Access denied with code 403 (phase 1). Matched "Operator `Rx' with parameter `curl' against variable `REQUEST_HEADERS:User-Agent' (Value: `curl/7.74.0' ) [file "/etc/nginx/modsec/modsecurity.conf"] [line "45"] [id "3000"] [rev ""] [msg "User-Agent curl is not allowed"] [data ""] [severity "0"] [ver ""] [maturity "0"] [accuracy "0"] [hostname "127.0.0.1"] [uri "/healthz"] [unique_id "174419683855.034793"] [ref "o0,4v50,11"]

---Zl4tR4wQ---Z--

---5WsvlY6U---A--
[09/Apr/2025:11:07:48 +0000] 174419686832.748141 127.0.0.1 44982 127.0.0.1 443
---5WsvlY6U---B--
GET /healthz HTTP/1.1
Host: localhost
User-Agent: curl/7.74.0
Accept: */*

---5WsvlY6U---F--
HTTP/1.1 403

---5WsvlY6U---H--
ModSecurity: Access denied with code 403 (phase 1). Matched "Operator `Rx' with parameter `curl' against variable `REQUEST_HEADERS:User-Agent' (Value: `curl/7.74.0' ) [file "/etc/nginx/modsec/modsecurity.conf"] [line "45"] [id "3000"] [rev ""] [msg "User-Agent curl is not allowed"] [data ""] [severity "0"] [ver ""] [maturity "0"] [accuracy "0"] [hostname "127.0.0.1"] [uri "/healthz"] [unique_id "174419686832.748141"] [ref "o0,4v50,11"]

---5WsvlY6U---Z--

---Xhv3zvny---A--
[09/Apr/2025:11:08:18 +0000] 17441968989.380902 127.0.0.1 54928 127.0.0.1 443
---Xhv3zvny---B--
GET /healthz HTTP/1.1
Host: localhost
User-Agent: curl/7.74.0
Accept: */*

---Xhv3zvny---F--
HTTP/1.1 403

---Xhv3zvny---H--
ModSecurity: Access denied with code 403 (phase 1). Matched "Operator `Rx' with parameter `curl' against variable `REQUEST_HEADERS:User-Agent' (Value: `curl/7.74.0' ) [file "/etc/nginx/modsec/modsecurity.conf"] [line "45"] [id "3000"] [rev ""] [msg "User-Agent curl is not allowed"] [data ""] [severity "0"] [ver ""] [maturity "0"] [accuracy "0"] [hostname "127.0.0.1"] [uri "/healthz"] [unique_id "17441968989.380902"] [ref "o0,4v50,11"]

---Xhv3zvny---Z--

---pPzm5sAe---A--
[09/Apr/2025:11:08:48 +0000] 174419692838.150810 127.0.0.1 54982 127.0.0.1 443
---pPzm5sAe---B--
GET /healthz HTTP/1.1
Host: localhost
User-Agent: curl/7.74.0
Accept: */*

---pPzm5sAe---F--
HTTP/1.1 403

---pPzm5sAe---H--
ModSecurity: Access denied with code 403 (phase 1). Matched "Operator `Rx' with parameter `curl' against variable `REQUEST_HEADERS:User-Agent' (Value: `curl/7.74.0' ) [file "/etc/nginx/modsec/modsecurity.conf"] [line "45"] [id "3000"] [rev ""] [msg "User-Agent curl is not allowed"] [data ""] [severity "0"] [ver ""] [maturity "0"] [accuracy "0"] [hostname "127.0.0.1"] [uri "/healthz"] [unique_id "174419692838.150810"] [ref "o0,4v50,11"]

---pPzm5sAe---Z--

---eFV5JSTM---A--
[09/Apr/2025:11:09:18 +0000] 174419695899.267327 127.0.0.1 50062 127.0.0.1 443
---eFV5JSTM---B--
GET /healthz HTTP/1.1
Host: localhost
User-Agent: curl/7.74.0
Accept: */*

---eFV5JSTM---F--
HTTP/1.1 403

---eFV5JSTM---H--
ModSecurity: Access denied with code 403 (phase 1). Matched "Operator `Rx' with parameter `curl' against variable `REQUEST_HEADERS:User-Agent' (Value: `curl/7.74.0' ) [file "/etc/nginx/modsec/modsecurity.conf"] [line "45"] [id "3000"] [rev ""] [msg "User-Agent curl is not allowed"] [data ""] [severity "0"] [ver ""] [maturity "0"] [accuracy "0"] [hostname "127.0.0.1"] [uri "/healthz"] [unique_id "174419695899.267327"] [ref "o0,4v50,11"]

---eFV5JSTM---Z--

---wLFhrLAM---A--
[09/Apr/2025:11:09:49 +0000] 174419698975.364688 127.0.0.1 41352 127.0.0.1 443
---wLFhrLAM---B--
GET /healthz HTTP/1.1
Host: localhost
User-Agent: curl/7.74.0
Accept: */*

---wLFhrLAM---F--
HTTP/1.1 403

---wLFhrLAM---H--
ModSecurity: Access denied with code 403 (phase 1). Matched "Operator `Rx' with parameter `curl' against variable `REQUEST_HEADERS:User-Agent' (Value: `curl/7.74.0' ) [file "/etc/nginx/modsec/modsecurity.conf"] [line "45"] [id "3000"] [rev ""] [msg "User-Agent curl is not allowed"] [data ""] [severity "0"] [ver ""] [maturity "0"] [accuracy "0"] [hostname "127.0.0.1"] [uri "/healthz"] [unique_id "174419698975.364688"] [ref "o0,4v50,11"]

---wLFhrLAM---Z--

---15QyzDwo---A--
[09/Apr/2025:11:10:19 +0000] 174419701997.049415 127.0.0.1 44736 127.0.0.1 443
---15QyzDwo---B--
GET /healthz HTTP/1.1
Host: localhost
User-Agent: curl/7.74.0
Accept: */*

---15QyzDwo---F--
HTTP/1.1 403

---15QyzDwo---H--
ModSecurity: Access denied with code 403 (phase 1). Matched "Operator `Rx' with parameter `curl' against variable `REQUEST_HEADERS:User-Agent' (Value: `curl/7.74.0' ) [file "/etc/nginx/modsec/modsecurity.conf"] [line "45"] [id "3000"] [rev ""] [msg "User-Agent curl is not allowed"] [data ""] [severity "0"] [ver ""] [maturity "0"] [accuracy "0"] [hostname "127.0.0.1"] [uri "/healthz"] [unique_id "174419701997.049415"] [ref "o0,4v50,11"]

---15QyzDwo---Z--

---dwYgmiJQ---A--
[09/Apr/2025:11:10:49 +0000] 174419704995.568450 127.0.0.1 37744 127.0.0.1 443
---dwYgmiJQ---B--
GET /healthz HTTP/1.1
Host: localhost
User-Agent: curl/7.74.0
Accept: */*

---dwYgmiJQ---F--
HTTP/1.1 403

---dwYgmiJQ---H--
ModSecurity: Access denied with code 403 (phase 1). Matched "Operator `Rx' with parameter `curl' against variable `REQUEST_HEADERS:User-Agent' (Value: `curl/7.74.0' ) [file "/etc/nginx/modsec/modsecurity.conf"] [line "45"] [id "3000"] [rev ""] [msg "User-Agent curl is not allowed"] [data ""] [severity "0"] [ver ""] [maturity "0"] [accuracy "0"] [hostname "127.0.0.1"] [uri "/healthz"] [unique_id "174419704995.568450"] [ref "o0,4v50,11"]

---dwYgmiJQ---Z--

---xmTECxY7---A--
[09/Apr/2025:11:11:19 +0000] 174419707939.940878 127.0.0.1 45502 127.0.0.1 443
---xmTECxY7---B--
GET /healthz HTTP/1.1
Host: localhost
User-Agent: curl/7.74.0
Accept: */*

---xmTECxY7---F--
HTTP/1.1 403

---xmTECxY7---H--
ModSecurity: Access denied with code 403 (phase 1). Matched "Operator `Rx' with parameter `curl' against variable `REQUEST_HEADERS:User-Agent' (Value: `curl/7.74.0' ) [file "/etc/nginx/modsec/modsecurity.conf"] [line "45"] [id "3000"] [rev ""] [msg "User-Agent curl is not allowed"] [data ""] [severity "0"] [ver ""] [maturity "0"] [accuracy "0"] [hostname "127.0.0.1"] [uri "/healthz"] [unique_id "174419707939.940878"] [ref "o0,4v50,11"]

---xmTECxY7---Z--

---Gno67wS6---A--
[09/Apr/2025:11:11:49 +0000] 174419710962.552721 127.0.0.1 48650 127.0.0.1 443
---Gno67wS6---B--
GET /healthz HTTP/1.1
Host: localhost
User-Agent: curl/7.74.0
Accept: */*

---Gno67wS6---F--
HTTP/1.1 403

---Gno67wS6---H--
ModSecurity: Access denied with code 403 (phase 1). Matched "Operator `Rx' with parameter `curl' against variable `REQUEST_HEADERS:User-Agent' (Value: `curl/7.74.0' ) [file "/etc/nginx/modsec/modsecurity.conf"] [line "45"] [id "3000"] [rev ""] [msg "User-Agent curl is not allowed"] [data ""] [severity "0"] [ver ""] [maturity "0"] [accuracy "0"] [hostname "127.0.0.1"] [uri "/healthz"] [unique_id "174419710962.552721"] [ref "o0,4v50,11"]

---Gno67wS6---Z--

---0q4z4ynf---A--
[09/Apr/2025:11:12:19 +0000] 174419713995.970459 127.0.0.1 54088 127.0.0.1 443
---0q4z4ynf---B--
GET /healthz HTTP/1.1
Host: localhost
User-Agent: curl/7.74.0
Accept: */*

---0q4z4ynf---F--
HTTP/1.1 403

---0q4z4ynf---H--
ModSecurity: Access denied with code 403 (phase 1). Matched "Operator `Rx' with parameter `curl' against variable `REQUEST_HEADERS:User-Agent' (Value: `curl/7.74.0' ) [file "/etc/nginx/modsec/modsecurity.conf"] [line "45"] [id "3000"] [rev ""] [msg "User-Agent curl is not allowed"] [data ""] [severity "0"] [ver ""] [maturity "0"] [accuracy "0"] [hostname "127.0.0.1"] [uri "/healthz"] [unique_id "174419713995.970459"] [ref "o0,4v50,11"]

---0q4z4ynf---Z--

---sLJf1a3x---A--
[09/Apr/2025:11:12:49 +0000] 174419716919.389897 127.0.0.1 49374 127.0.0.1 443
---sLJf1a3x---B--
GET /healthz HTTP/1.1
Host: localhost
User-Agent: curl/7.74.0
Accept: */*

---sLJf1a3x---F--
HTTP/1.1 403

---sLJf1a3x---H--
ModSecurity: Access denied with code 403 (phase 1). Matched "Operator `Rx' with parameter `curl' against variable `REQUEST_HEADERS:User-Agent' (Value: `curl/7.74.0' ) [file "/etc/nginx/modsec/modsecurity.conf"] [line "45"] [id "3000"] [rev ""] [msg "User-Agent curl is not allowed"] [data ""] [severity "0"] [ver ""] [maturity "0"] [accuracy "0"] [hostname "127.0.0.1"] [uri "/healthz"] [unique_id "174419716919.389897"] [ref "o0,4v50,11"]

---sLJf1a3x---Z--

---NX9ZSigg---A--
[09/Apr/2025:11:13:19 +0000] 174419719923.310504 127.0.0.1 51020 127.0.0.1 443
---NX9ZSigg---B--
GET /healthz HTTP/1.1
Host: localhost
User-Agent: curl/7.74.0
Accept: */*

---NX9ZSigg---F--
HTTP/1.1 403

---NX9ZSigg---H--
ModSecurity: Access denied with code 403 (phase 1). Matched "Operator `Rx' with parameter `curl' against variable `REQUEST_HEADERS:User-Agent' (Value: `curl/7.74.0' ) [file "/etc/nginx/modsec/modsecurity.conf"] [line "45"] [id "3000"] [rev ""] [msg "User-Agent curl is not allowed"] [data ""] [severity "0"] [ver ""] [maturity "0"] [accuracy "0"] [hostname "127.0.0.1"] [uri "/healthz"] [unique_id "174419719923.310504"] [ref "o0,4v50,11"]

---NX9ZSigg---Z--

---TTmYNDcN---A--
[09/Apr/2025:11:16:00 +0000] 174419736019.833983 127.0.0.1 53818 127.0.0.1 443
---TTmYNDcN---B--
GET /healthz HTTP/1.1
Host: localhost
User-Agent: curl/7.74.0
Accept: */*

---TTmYNDcN---F--
HTTP/1.1 403

---TTmYNDcN---H--
ModSecurity: Access denied with code 403 (phase 1). Matched "Operator `Rx' with parameter `curl' against variable `REQUEST_HEADERS:User-Agent' (Value: `curl/7.74.0' ) [file "/etc/nginx/modsec/modsecurity.conf"] [line "45"] [id "3000"] [rev ""] [msg "User-Agent curl is not allowed"] [data ""] [severity "0"] [ver ""] [maturity "0"] [accuracy "0"] [hostname "127.0.0.1"] [uri "/healthz"] [unique_id "174419736019.833983"] [ref "o0,4v50,11"]

---TTmYNDcN---Z--

---lZa1G5GP---A--
[09/Apr/2025:11:16:31 +0000] 174419739140.804868 127.0.0.1 37800 127.0.0.1 443
---lZa1G5GP---B--
GET /healthz HTTP/1.1
Host: localhost
User-Agent: curl/7.74.0
Accept: */*

---lZa1G5GP---F--
HTTP/1.1 403

---lZa1G5GP---H--
ModSecurity: Access denied with code 403 (phase 1). Matched "Operator `Rx' with parameter `curl' against variable `REQUEST_HEADERS:User-Agent' (Value: `curl/7.74.0' ) [file "/etc/nginx/modsec/modsecurity.conf"] [line "45"] [id "3000"] [rev ""] [msg "User-Agent curl is not allowed"] [data ""] [severity "0"] [ver ""] [maturity "0"] [accuracy "0"] [hostname "127.0.0.1"] [uri "/healthz"] [unique_id "174419739140.804868"] [ref "o0,4v50,11"]

---lZa1G5GP---Z--

---OILnnap1---A--
[09/Apr/2025:11:17:01 +0000] 174419742113.187105 127.0.0.1 36644 127.0.0.1 443
---OILnnap1---B--
GET /healthz HTTP/1.1
Host: localhost
User-Agent: curl/7.74.0
Accept: */*

---OILnnap1---F--
HTTP/1.1 403

---OILnnap1---H--
ModSecurity: Access denied with code 403 (phase 1). Matched "Operator `Rx' with parameter `curl' against variable `REQUEST_HEADERS:User-Agent' (Value: `curl/7.74.0' ) [file "/etc/nginx/modsec/modsecurity.conf"] [line "45"] [id "3000"] [rev ""] [msg "User-Agent curl is not allowed"] [data ""] [severity "0"] [ver ""] [maturity "0"] [accuracy "0"] [hostname "127.0.0.1"] [uri "/healthz"] [unique_id "174419742113.187105"] [ref "o0,4v50,11"]

---OILnnap1---Z--

---qMy64eSA---A--
[09/Apr/2025:11:17:31 +0000] 174419745188.513928 127.0.0.1 56762 127.0.0.1 443
---qMy64eSA---B--
GET /healthz HTTP/1.1
Host: localhost
User-Agent: curl/7.74.0
Accept: */*

---qMy64eSA---F--
HTTP/1.1 403

---qMy64eSA---H--
ModSecurity: Access denied with code 403 (phase 1). Matched "Operator `Rx' with parameter `curl' against variable `REQUEST_HEADERS:User-Agent' (Value: `curl/7.74.0' ) [file "/etc/nginx/modsec/modsecurity.conf"] [line "45"] [id "3000"] [rev ""] [msg "User-Agent curl is not allowed"] [data ""] [severity "0"] [ver ""] [maturity "0"] [accuracy "0"] [hostname "127.0.0.1"] [uri "/healthz"] [unique_id "174419745188.513928"] [ref "o0,4v50,11"]

---qMy64eSA---Z--

---GHcwBIEx---A--
[09/Apr/2025:11:18:01 +0000] 17441974819.610910 127.0.0.1 36438 127.0.0.1 443
---GHcwBIEx---B--
GET /healthz HTTP/1.1
Host: localhost
User-Agent: curl/7.74.0
Accept: */*

---GHcwBIEx---F--
HTTP/1.1 403

---GHcwBIEx---H--
ModSecurity: Access denied with code 403 (phase 1). Matched "Operator `Rx' with parameter `curl' against variable `REQUEST_HEADERS:User-Agent' (Value: `curl/7.74.0' ) [file "/etc/nginx/modsec/modsecurity.conf"] [line "45"] [id "3000"] [rev ""] [msg "User-Agent curl is not allowed"] [data ""] [severity "0"] [ver ""] [maturity "0"] [accuracy "0"] [hostname "127.0.0.1"] [uri "/healthz"] [unique_id "17441974819.610910"] [ref "o0,4v50,11"]

---GHcwBIEx---Z--

---rmy8rCXD---A--
[09/Apr/2025:11:18:31 +0000] 17441975113.504588 127.0.0.1 44674 127.0.0.1 443
---rmy8rCXD---B--
GET /healthz HTTP/1.1
Host: localhost
User-Agent: curl/7.74.0
Accept: */*

---rmy8rCXD---F--
HTTP/1.1 403

---rmy8rCXD---H--
ModSecurity: Access denied with code 403 (phase 1). Matched "Operator `Rx' with parameter `curl' against variable `REQUEST_HEADERS:User-Agent' (Value: `curl/7.74.0' ) [file "/etc/nginx/modsec/modsecurity.conf"] [line "45"] [id "3000"] [rev ""] [msg "User-Agent curl is not allowed"] [data ""] [severity "0"] [ver ""] [maturity "0"] [accuracy "0"] [hostname "127.0.0.1"] [uri "/healthz"] [unique_id "17441975113.504588"] [ref "o0,4v50,11"]

---rmy8rCXD---Z--

---Uq0HQnGG---A--
[09/Apr/2025:11:19:01 +0000] 174419754151.798600 127.0.0.1 48890 127.0.0.1 443
---Uq0HQnGG---B--
GET /healthz HTTP/1.1
Host: localhost
User-Agent: curl/7.74.0
Accept: */*

---Uq0HQnGG---F--
HTTP/1.1 403

---Uq0HQnGG---H--
ModSecurity: Access denied with code 403 (phase 1). Matched "Operator `Rx' with parameter `curl' against variable `REQUEST_HEADERS:User-Agent' (Value: `curl/7.74.0' ) [file "/etc/nginx/modsec/modsecurity.conf"] [line "45"] [id "3000"] [rev ""] [msg "User-Agent curl is not allowed"] [data ""] [severity "0"] [ver ""] [maturity "0"] [accuracy "0"] [hostname "127.0.0.1"] [uri "/healthz"] [unique_id "174419754151.798600"] [ref "o0,4v50,11"]

---Uq0HQnGG---Z--

---7FK9tnK8---A--
[09/Apr/2025:11:19:31 +0000] 17441975713.359859 127.0.0.1 58082 127.0.0.1 443
---7FK9tnK8---B--
GET /healthz HTTP/1.1
Host: localhost
User-Agent: curl/7.74.0
Accept: */*

---7FK9tnK8---F--
HTTP/1.1 403

---7FK9tnK8---H--
ModSecurity: Access denied with code 403 (phase 1). Matched "Operator `Rx' with parameter `curl' against variable `REQUEST_HEADERS:User-Agent' (Value: `curl/7.74.0' ) [file "/etc/nginx/modsec/modsecurity.conf"] [line "45"] [id "3000"] [rev ""] [msg "User-Agent curl is not allowed"] [data ""] [severity "0"] [ver ""] [maturity "0"] [accuracy "0"] [hostname "127.0.0.1"] [uri "/healthz"] [unique_id "17441975713.359859"] [ref "o0,4v50,11"]

---7FK9tnK8---Z--

---2w2ECGB4---A--
[09/Apr/2025:11:20:01 +0000] 174419760159.282411 127.0.0.1 56408 127.0.0.1 443
---2w2ECGB4---B--
GET /healthz HTTP/1.1
Host: localhost
User-Agent: curl/7.74.0
Accept: */*

---2w2ECGB4---F--
HTTP/1.1 403

---2w2ECGB4---H--
ModSecurity: Access denied with code 403 (phase 1). Matched "Operator `Rx' with parameter `curl' against variable `REQUEST_HEADERS:User-Agent' (Value: `curl/7.74.0' ) [file "/etc/nginx/modsec/modsecurity.conf"] [line "45"] [id "3000"] [rev ""] [msg "User-Agent curl is not allowed"] [data ""] [severity "0"] [ver ""] [maturity "0"] [accuracy "0"] [hostname "127.0.0.1"] [uri "/healthz"] [unique_id "174419760159.282411"] [ref "o0,4v50,11"]

---2w2ECGB4---Z--

---37CsJh6l---A--
[09/Apr/2025:11:20:32 +0000] 174419763291.375006 127.0.0.1 56550 127.0.0.1 443
---37CsJh6l---B--
GET /healthz HTTP/1.1
Host: localhost
User-Agent: curl/7.74.0
Accept: */*

---37CsJh6l---F--
HTTP/1.1 403

---37CsJh6l---H--
ModSecurity: Access denied with code 403 (phase 1). Matched "Operator `Rx' with parameter `curl' against variable `REQUEST_HEADERS:User-Agent' (Value: `curl/7.74.0' ) [file "/etc/nginx/modsec/modsecurity.conf"] [line "45"] [id "3000"] [rev ""] [msg "User-Agent curl is not allowed"] [data ""] [severity "0"] [ver ""] [maturity "0"] [accuracy "0"] [hostname "127.0.0.1"] [uri "/healthz"] [unique_id "174419763291.375006"] [ref "o0,4v50,11"]

---37CsJh6l---Z--

---X41vsHBx---A--
[09/Apr/2025:11:21:02 +0000] 174419766284.604256 127.0.0.1 35022 127.0.0.1 443
---X41vsHBx---B--
GET /healthz HTTP/1.1
Host: localhost
User-Agent: curl/7.74.0
Accept: */*

---X41vsHBx---F--
HTTP/1.1 403

---X41vsHBx---H--
ModSecurity: Access denied with code 403 (phase 1). Matched "Operator `Rx' with parameter `curl' against variable `REQUEST_HEADERS:User-Agent' (Value: `curl/7.74.0' ) [file "/etc/nginx/modsec/modsecurity.conf"] [line "45"] [id "3000"] [rev ""] [msg "User-Agent curl is not allowed"] [data ""] [severity "0"] [ver ""] [maturity "0"] [accuracy "0"] [hostname "127.0.0.1"] [uri "/healthz"] [unique_id "174419766284.604256"] [ref "o0,4v50,11"]

---X41vsHBx---Z--

---UW7MHRUJ---A--
[09/Apr/2025:11:21:32 +0000] 174419769264.263277 127.0.0.1 32872 127.0.0.1 443
---UW7MHRUJ---B--
GET /healthz HTTP/1.1
Host: localhost
User-Agent: curl/7.74.0
Accept: */*

---UW7MHRUJ---F--
HTTP/1.1 403

---UW7MHRUJ---H--
ModSecurity: Access denied with code 403 (phase 1). Matched "Operator `Rx' with parameter `curl' against variable `REQUEST_HEADERS:User-Agent' (Value: `curl/7.74.0' ) [file "/etc/nginx/modsec/modsecurity.conf"] [line "45"] [id "3000"] [rev ""] [msg "User-Agent curl is not allowed"] [data ""] [severity "0"] [ver ""] [maturity "0"] [accuracy "0"] [hostname "127.0.0.1"] [uri "/healthz"] [unique_id "174419769264.263277"] [ref "o0,4v50,11"]

---UW7MHRUJ---Z--

---LUXXkgZl---A--
[09/Apr/2025:11:22:02 +0000] 174419772293.036506 127.0.0.1 55162 127.0.0.1 443
---LUXXkgZl---B--
GET /healthz HTTP/1.1
Host: localhost
User-Agent: curl/7.74.0
Accept: */*

---LUXXkgZl---F--
HTTP/1.1 403

---LUXXkgZl---H--
ModSecurity: Access denied with code 403 (phase 1). Matched "Operator `Rx' with parameter `curl' against variable `REQUEST_HEADERS:User-Agent' (Value: `curl/7.74.0' ) [file "/etc/nginx/modsec/modsecurity.conf"] [line "45"] [id "3000"] [rev ""] [msg "User-Agent curl is not allowed"] [data ""] [severity "0"] [ver ""] [maturity "0"] [accuracy "0"] [hostname "127.0.0.1"] [uri "/healthz"] [unique_id "174419772293.036506"] [ref "o0,4v50,11"]

---LUXXkgZl---Z--

---nle4Qiov---A--
[09/Apr/2025:11:22:32 +0000] 174419775224.194239 127.0.0.1 57464 127.0.0.1 443
---nle4Qiov---B--
GET /healthz HTTP/1.1
Host: localhost
User-Agent: curl/7.74.0
Accept: */*

---nle4Qiov---F--
HTTP/1.1 403

---nle4Qiov---H--
ModSecurity: Access denied with code 403 (phase 1). Matched "Operator `Rx' with parameter `curl' against variable `REQUEST_HEADERS:User-Agent' (Value: `curl/7.74.0' ) [file "/etc/nginx/modsec/modsecurity.conf"] [line "45"] [id "3000"] [rev ""] [msg "User-Agent curl is not allowed"] [data ""] [severity "0"] [ver ""] [maturity "0"] [accuracy "0"] [hostname "127.0.0.1"] [uri "/healthz"] [unique_id "174419775224.194239"] [ref "o0,4v50,11"]

---nle4Qiov---Z--

---mpqc62aZ---A--
[09/Apr/2025:11:23:02 +0000] 174419778257.796471 127.0.0.1 56778 127.0.0.1 443
---mpqc62aZ---B--
GET /healthz HTTP/1.1
Host: localhost
User-Agent: curl/7.74.0
Accept: */*

---mpqc62aZ---F--
HTTP/1.1 403

---mpqc62aZ---H--
ModSecurity: Access denied with code 403 (phase 1). Matched "Operator `Rx' with parameter `curl' against variable `REQUEST_HEADERS:User-Agent' (Value: `curl/7.74.0' ) [file "/etc/nginx/modsec/modsecurity.conf"] [line "45"] [id "3000"] [rev ""] [msg "User-Agent curl is not allowed"] [data ""] [severity "0"] [ver ""] [maturity "0"] [accuracy "0"] [hostname "127.0.0.1"] [uri "/healthz"] [unique_id "174419778257.796471"] [ref "o0,4v50,11"]

---mpqc62aZ---Z--

---Whvl6N2R---A--
[09/Apr/2025:11:23:32 +0000] 174419781279.865995 127.0.0.1 42306 127.0.0.1 443
---Whvl6N2R---B--
GET /healthz HTTP/1.1
Host: localhost
User-Agent: curl/7.74.0
Accept: */*

---Whvl6N2R---F--
HTTP/1.1 403

---Whvl6N2R---H--
ModSecurity: Access denied with code 403 (phase 1). Matched "Operator `Rx' with parameter `curl' against variable `REQUEST_HEADERS:User-Agent' (Value: `curl/7.74.0' ) [file "/etc/nginx/modsec/modsecurity.conf"] [line "45"] [id "3000"] [rev ""] [msg "User-Agent curl is not allowed"] [data ""] [severity "0"] [ver ""] [maturity "0"] [accuracy "0"] [hostname "127.0.0.1"] [uri "/healthz"] [unique_id "174419781279.865995"] [ref "o0,4v50,11"]

---Whvl6N2R---Z--

---rawbEWN0---A--
[09/Apr/2025:11:24:02 +0000] 174419784232.653610 127.0.0.1 55422 127.0.0.1 443
---rawbEWN0---B--
GET /healthz HTTP/1.1
Host: localhost
User-Agent: curl/7.74.0
Accept: */*

---rawbEWN0---F--
HTTP/1.1 403

---rawbEWN0---H--
ModSecurity: Access denied with code 403 (phase 1). Matched "Operator `Rx' with parameter `curl' against variable `REQUEST_HEADERS:User-Agent' (Value: `curl/7.74.0' ) [file "/etc/nginx/modsec/modsecurity.conf"] [line "45"] [id "3000"] [rev ""] [msg "User-Agent curl is not allowed"] [data ""] [severity "0"] [ver ""] [maturity "0"] [accuracy "0"] [hostname "127.0.0.1"] [uri "/healthz"] [unique_id "174419784232.653610"] [ref "o0,4v50,11"]

---rawbEWN0---Z--

---9lFYLEKe---A--
[09/Apr/2025:11:24:33 +0000] 174419787379.158981 127.0.0.1 53688 127.0.0.1 443
---9lFYLEKe---B--
GET /healthz HTTP/1.1
Host: localhost
User-Agent: curl/7.74.0
Accept: */*

---9lFYLEKe---F--
HTTP/1.1 403

---9lFYLEKe---H--
ModSecurity: Access denied with code 403 (phase 1). Matched "Operator `Rx' with parameter `curl' against variable `REQUEST_HEADERS:User-Agent' (Value: `curl/7.74.0' ) [file "/etc/nginx/modsec/modsecurity.conf"] [line "45"] [id "3000"] [rev ""] [msg "User-Agent curl is not allowed"] [data ""] [severity "0"] [ver ""] [maturity "0"] [accuracy "0"] [hostname "127.0.0.1"] [uri "/healthz"] [unique_id "174419787379.158981"] [ref "o0,4v50,11"]

---9lFYLEKe---Z--

---HFgEP90z---A--
[09/Apr/2025:11:25:03 +0000] 174419790357.190445 127.0.0.1 53090 127.0.0.1 443
---HFgEP90z---B--
GET /healthz HTTP/1.1
Host: localhost
User-Agent: curl/7.74.0
Accept: */*

---HFgEP90z---F--
HTTP/1.1 403

---HFgEP90z---H--
ModSecurity: Access denied with code 403 (phase 1). Matched "Operator `Rx' with parameter `curl' against variable `REQUEST_HEADERS:User-Agent' (Value: `curl/7.74.0' ) [file "/etc/nginx/modsec/modsecurity.conf"] [line "45"] [id "3000"] [rev ""] [msg "User-Agent curl is not allowed"] [data ""] [severity "0"] [ver ""] [maturity "0"] [accuracy "0"] [hostname "127.0.0.1"] [uri "/healthz"] [unique_id "174419790357.190445"] [ref "o0,4v50,11"]

---HFgEP90z---Z--

---jZsEnGxX---A--
[09/Apr/2025:11:25:33 +0000] 174419793355.984013 127.0.0.1 38086 127.0.0.1 443
---jZsEnGxX---B--
GET /healthz HTTP/1.1
Host: localhost
User-Agent: curl/7.74.0
Accept: */*

---jZsEnGxX---F--
HTTP/1.1 403

---jZsEnGxX---H--
ModSecurity: Access denied with code 403 (phase 1). Matched "Operator `Rx' with parameter `curl' against variable `REQUEST_HEADERS:User-Agent' (Value: `curl/7.74.0' ) [file "/etc/nginx/modsec/modsecurity.conf"] [line "45"] [id "3000"] [rev ""] [msg "User-Agent curl is not allowed"] [data ""] [severity "0"] [ver ""] [maturity "0"] [accuracy "0"] [hostname "127.0.0.1"] [uri "/healthz"] [unique_id "174419793355.984013"] [ref "o0,4v50,11"]

---jZsEnGxX---Z--

